<?xml version="1.0" encoding="UTF-8"?>
<!-- Generated by org.testng.reporters.JUnitXMLReporter -->
<testsuite hostname="DESKTOP-GJ3I4JJ" ignored="0" name="Test" tests="4" failures="0" timestamp="19 May 2018 14:13:28 GMT" time="85.271" errors="0">
  <testcase name="verify_Locations" time="5.752" classname="src.test.java.afterSell.testCases.LocationPageTestCase"/>
  <testcase name="support_product_btn" time="6.779" classname="src.test.java.afterSell.testCases.SupportProductsTestCase"/>
  <testcase name="verify_Support_Brand" time="7.819" classname="src.test.java.afterSell.testCases.SupportBrandTestCase"/>
  <testcase name="verify_AMC_Detail" time="6.529" classname="src.test.java.afterSell.testCases.AMCServiceTestCase"/>
</testsuite> <!-- Test -->
