<?xml version="1.0" encoding="UTF-8"?>
<testng-results skipped="0" failed="0" ignored="0" total="1" passed="1">
  <reporter-output>
  </reporter-output>
  <suite name="Default suite" duration-ms="27609" started-at="2018-04-18T17:07:32Z" finished-at="2018-04-18T17:07:59Z">
    <groups>
    </groups>
    <test name="Default test" duration-ms="27609" started-at="2018-04-18T17:07:32Z" finished-at="2018-04-18T17:07:59Z">
      <class name="src.test.java.afterSell.testCases.LocationPageTestCase">
        <test-method status="PASS" signature="main()[pri:0, instance:src.test.java.afterSell.testCases.LocationPageTestCase@3ffcd140]" name="main" is-config="true" duration-ms="14237" started-at="2018-04-18T17:07:32Z" description="this method execute before the class" finished-at="2018-04-18T17:07:46Z">
          <reporter-output>
          </reporter-output>
        </test-method> <!-- main -->
        <test-method status="PASS" signature="verify_addLocation_Btn()[pri:0, instance:src.test.java.afterSell.testCases.LocationPageTestCase@3ffcd140]" name="verify_addLocation_Btn" duration-ms="13312" started-at="2018-04-18T17:07:46Z" finished-at="2018-04-18T17:07:59Z">
          <reporter-output>
          </reporter-output>
        </test-method> <!-- verify_addLocation_Btn -->
      </class> <!-- src.test.java.afterSell.testCases.LocationPageTestCase -->
    </test> <!-- Default test -->
  </suite> <!-- Default suite -->
</testng-results>
